Results of doctest builder run on 2013-06-28 17:32:03
=====================================================

Document: python/math/baromtr
-----------------------------
1 items passed all tests:
   6 tests in default
6 tests in 1 items.
6 passed and 0 failed.
Test passed.

Document: python/math/polygon
-----------------------------
1 items passed all tests:
  11 tests in default
11 tests in 1 items.
11 passed and 0 failed.
Test passed.

Document: python/navigation/sunup
---------------------------------
1 items passed all tests:
  58 tests in default
58 tests in 1 items.
58 passed and 0 failed.
Test passed.

Document: python/math/quadrat
-----------------------------
1 items passed all tests:
  10 tests in default
10 tests in 1 items.
10 passed and 0 failed.
Test passed.

Document: python/construction/cyl
---------------------------------
1 items passed all tests:
  14 tests in default
14 tests in 1 items.
14 passed and 0 failed.
Test passed.

Document: python/electronics/awgexact
-------------------------------------
1 items passed all tests:
   8 tests in default
8 tests in 1 items.
8 passed and 0 failed.
Test passed.

Document: python/math/trig
--------------------------
1 items passed all tests:
   7 tests in default
7 tests in 1 items.
7 passed and 0 failed.
Test passed.

Document: python/navigation/gridsq
----------------------------------
1 items passed all tests:
  35 tests in default
35 tests in 1 items.
35 passed and 0 failed.
Test passed.

Document: python/construction/beltdriv
--------------------------------------
1 items passed all tests:
  13 tests in default
13 tests in 1 items.
13 passed and 0 failed.
Test passed.

Document: python/construction/guywires
--------------------------------------
1 items passed all tests:
  15 tests in default
15 tests in 1 items.
15 passed and 0 failed.
Test passed.

Document: python/construction/conecalc
--------------------------------------
1 items passed all tests:
  65 tests in default
65 tests in 1 items.
65 passed and 0 failed.
Test passed.

Document: python/math/centrif
-----------------------------
1 items passed all tests:
  13 tests in default
13 tests in 1 items.
13 passed and 0 failed.
Test passed.

Document: python/math/curvefit
------------------------------
1 items passed all tests:
  34 tests in default
34 tests in 1 items.
34 passed and 0 failed.
Test passed.

Document: python/construction/wirecond
--------------------------------------
1 items passed all tests:
   7 tests in default
7 tests in 1 items.
7 passed and 0 failed.
Test passed.

Document: python/math/accelr
----------------------------
1 items passed all tests:
   9 tests in default
9 tests in 1 items.
9 passed and 0 failed.
Test passed.

Document: python/math/equiv
---------------------------
1 items passed all tests:
  48 tests in default
48 tests in 1 items.
48 passed and 0 failed.
Test passed.

Document: python/math/involute
------------------------------
1 items passed all tests:
   7 tests in default
7 tests in 1 items.
7 passed and 0 failed.
Test passed.

Document: python/math/primenos
------------------------------
1 items passed all tests:
   7 tests in default
7 tests in 1 items.
7 passed and 0 failed.
Test passed.

Document: python/construction/arch
----------------------------------
1 items passed all tests:
  78 tests in default
78 tests in 1 items.
78 passed and 0 failed.
Test passed.

Document: python/math/rotaplot
------------------------------
1 items passed all tests:
  11 tests in default
11 tests in 1 items.
11 passed and 0 failed.
Test passed.

Document: python/construction/chain
-----------------------------------
1 items passed all tests:
  36 tests in default
36 tests in 1 items.
36 passed and 0 failed.
Test passed.

Document: python/navigation/pathfind
------------------------------------
1 items passed all tests:
  31 tests in default
31 tests in 1 items.
31 passed and 0 failed.
Test passed.

Document: python/math/decifrac
------------------------------
1 items passed all tests:
   7 tests in default
7 tests in 1 items.
7 passed and 0 failed.
Test passed.

Document: python/stdio
----------------------
**********************************************************************
File "python/stdio.rst", line 15, in default
Failed example:
    z=input_int("ENTER Value? ")
Exception raised:
    Traceback (most recent call last):
      File "/Library/Frameworks/Python.framework/Versions/3.2/lib/python3.2/doctest.py", line 1288, in __run
        compileflags, 1), test.globs)
      File "<doctest default[1]>", line 1, in <module>
        z=input_int("ENTER Value? ")
      File "/Users/slott/github/local/HamCalc-2.1/python/hamcalc/stdio/__init__.py", line 47, in input_int
        return input_convert( prompt, int )
      File "/Users/slott/github/local/HamCalc-2.1/python/hamcalc/stdio/__init__.py", line 34, in input_convert
        raw= input( prompt )
    TypeError: bad argument type for built-in operation
**********************************************************************
File "python/stdio.rst", line 19, in default
Failed example:
    z
Exception raised:
    Traceback (most recent call last):
      File "/Library/Frameworks/Python.framework/Versions/3.2/lib/python3.2/doctest.py", line 1288, in __run
        compileflags, 1), test.globs)
      File "<doctest default[2]>", line 1, in <module>
        z
    NameError: name 'z' is not defined
**********************************************************************
1 items had failures:
   2 of   3 in default
3 tests in 1 items.
1 passed and 2 failed.
***Test Failed*** 2 failures.

Document: python/math/solutri
-----------------------------
1 items passed all tests:
  10 tests in default
10 tests in 1 items.
10 passed and 0 failed.
Test passed.

Document: python/construction/wiremesh
--------------------------------------
1 items passed all tests:
  15 tests in default
15 tests in 1 items.
15 passed and 0 failed.
Test passed.

Document: python/construction/beamsect
--------------------------------------
1 items passed all tests:
  60 tests in default
60 tests in 1 items.
60 passed and 0 failed.
Test passed.

Document: python/math/speedtd
-----------------------------
1 items passed all tests:
   3 tests in default
3 tests in 1 items.
3 passed and 0 failed.
Test passed.

Document: python/math/fibon
---------------------------
1 items passed all tests:
  19 tests in default
19 tests in 1 items.
19 passed and 0 failed.
Test passed.

Document: python/navigation/satorbit
------------------------------------
1 items passed all tests:
  12 tests in default
12 tests in 1 items.
12 passed and 0 failed.
Test passed.

Document: python/lib
--------------------
1 items passed all tests:
   9 tests in default
9 tests in 1 items.
9 passed and 0 failed.
Test passed.

Document: python/math/propcirc
------------------------------
1 items passed all tests:
  18 tests in default
18 tests in 1 items.
18 passed and 0 failed.
Test passed.

Document: python/construction/beamdefl
--------------------------------------
1 items passed all tests:
 104 tests in default
104 tests in 1 items.
104 passed and 0 failed.
Test passed.

Document: python/math/deciconv
------------------------------
1 items passed all tests:
  11 tests in default
11 tests in 1 items.
11 passed and 0 failed.
Test passed.

Document: python/navigation/moontrac
------------------------------------
1 items passed all tests:
  67 tests in default
67 tests in 1 items.
67 passed and 0 failed.
Test passed.

Document: python/electronics/decibel
------------------------------------
1 items passed all tests:
   7 tests in default
7 tests in 1 items.
7 passed and 0 failed.
Test passed.

Doctest summary
===============
  868 tests
    2 failures in tests
    0 failures in setup code
    0 failures in cleanup code
